

Microchip MPLAB XC8 Assembler V2.31 build 20201012212115 
                                                                                               Wed Feb 17 20:07:15 2021

Microchip MPLAB XC8 C Compiler v2.31 (Free license) build 20201012212115 Og1 
     1                           	processor	18F45K20
     2                           	fnconf	rparam,??,?,0
     3                           	pagewidth 120
     4                           	opt	flic
     5                           	psect	cinit,global,reloc=2,class=CODE,delta=1
     6                           	psect	cstackCOMRAM,global,class=COMRAM,space=1,delta=1,lowdata,noexec
     7                           	psect	text0,global,reloc=2,class=CODE,delta=1
     8                           	psect	text1,global,reloc=2,class=CODE,delta=1
     9                           	psect	intsave_regs,global,class=BIGRAM,space=1,delta=1,noexec
    10                           	psect	rparam,global,class=COMRAM,space=1,delta=1,noexec
    11                           	psect	idloc,global,abs,ovrld,class=IDLOC,space=5,delta=1,noexec
    12                           	psect	config,global,abs,ovrld,class=CONFIG,space=4,delta=1,noexec
    13  0000                     
    14                           ; Version 2.20
    15                           ; Generated 05/05/2020 GMT
    16                           ; 
    17                           ; Copyright © 2020, Microchip Technology Inc. and its subsidiaries ("Microchip")
    18                           ; All rights reserved.
    19                           ; 
    20                           ; This software is developed by Microchip Technology Inc. and its subsidiaries ("Microch
      +                          ip").
    21                           ; 
    22                           ; Redistribution and use in source and binary forms, with or without modification, are
    23                           ; permitted provided that the following conditions are met:
    24                           ; 
    25                           ;     1. Redistributions of source code must retain the above copyright notice, this lis
      +                          t of
    26                           ;        conditions and the following disclaimer.
    27                           ; 
    28                           ;     2. Redistributions in binary form must reproduce the above copyright notice, this 
      +                          list
    29                           ;        of conditions and the following disclaimer in the documentation and/or other
    30                           ;        materials provided with the distribution.
    31                           ; 
    32                           ;     3. Microchip's name may not be used to endorse or promote products derived from th
      +                          is
    33                           ;        software without specific prior written permission.
    34                           ; 
    35                           ; THIS SOFTWARE IS PROVIDED BY MICROCHIP "AS IS" AND ANY EXPRESS OR IMPLIED WARRANTIES,
    36                           ; INCLUDING, BUT NOT LIMITED TO, THE IMPLIED WARRANTIES OF MERCHANTABILITY AND FITNESS F
      +                          OR
    37                           ; PURPOSE ARE DISCLAIMED.  IN NO EVENT SHALL MICROCHIP BE LIABLE FOR ANY DIRECT, INDIREC
      +                          T,
    38                           ; INCIDENTAL, SPECIAL, EXEMPLARY, OR CONSEQUENTIAL DAMAGES (INCLUDING BUT NOT LIMITED TO
    39                           ; PROCUREMENT OF SUBSTITUTE GOODS OR SERVICES; LOSS OF USE, DATA OR PROFITS; OR BUSINESS
    40                           ; INTERRUPTION) HOWSOEVER CAUSED AND ON ANY THEORY OF LIABILITY, WHETHER IN CONTRACT, ST
      +                          RICT
    41                           ; LIABILITY, OR TORT (INCLUDING NEGLIGENCE OR OTHERWISE) ARISING IN ANY WAY OUT OF THE U
      +                          SE OF
    42                           ; THIS SOFTWARE, EVEN IF ADVISED OF THE POSSIBILITY OF SUCH DAMAGE.
    43                           ; 
    44                           ; 
    45                           ; Code-generator required, PIC18F45K20 Definitions
    46                           ; 
    47                           ; SFR Addresses
    48  0000                     _LATD	set	3980
    49  0000                     _TRISD	set	3989
    50                           
    51                           ; #config settings
    52                           
    53                           	psect	cinit
    54  007FD8                     __pcinit:
    55                           	callstack 0
    56  007FD8                     start_initialization:
    57                           	callstack 0
    58  007FD8                     __initialization:
    59                           	callstack 0
    60  007FD8                     end_of_initialization:
    61                           	callstack 0
    62  007FD8                     __end_of__initialization:
    63                           	callstack 0
    64  007FD8  0100               	movlb	0
    65  007FDA  EFF4  F03F         	goto	_main	;jump to C main() function
    66                           
    67                           	psect	cstackCOMRAM
    68  000000                     __pcstackCOMRAM:
    69                           	callstack 0
    70  000000                     
    71                           ; 1 bytes @ 0x0
    72 ;;
    73 ;;Main: autosize = 0, tempsize = 0, incstack = 0, save=0
    74 ;;
    75 ;; *************** function _main *****************
    76 ;; Defined at:
    77 ;;		line 17 in file "main.c"
    78 ;; Parameters:    Size  Location     Type
    79 ;;		None
    80 ;; Auto vars:     Size  Location     Type
    81 ;;		None
    82 ;; Return value:  Size  Location     Type
    83 ;;                  1    wreg      void 
    84 ;; Registers used:
    85 ;;		wreg, status,2, status,0, cstack
    86 ;; Tracked objects:
    87 ;;		On entry : 0/0
    88 ;;		On exit  : 0/0
    89 ;;		Unchanged: 0/0
    90 ;; Data sizes:     COMRAM   BANK0   BANK1   BANK2   BANK3   BANK4   BANK5
    91 ;;      Params:         0       0       0       0       0       0       0
    92 ;;      Locals:         0       0       0       0       0       0       0
    93 ;;      Temps:          0       0       0       0       0       0       0
    94 ;;      Totals:         0       0       0       0       0       0       0
    95 ;;Total ram usage:        0 bytes
    96 ;; Hardware stack levels required when called:    1
    97 ;; This function calls:
    98 ;;		_Setup
    99 ;; This function is called by:
   100 ;;		Startup code after reset
   101 ;; This function uses a non-reentrant model
   102 ;;
   103                           
   104                           	psect	text0
   105  007FE8                     __ptext0:
   106                           	callstack 0
   107  007FE8                     _main:
   108                           	callstack 30
   109  007FE8                     
   110                           ;main.c: 18:     Setup();
   111  007FE8  ECEF  F03F         	call	_Setup	;wreg free
   112  007FEC                     l697:
   113                           
   114                           ;main.c: 21:         LATD <<= 1;
   115  007FEC  90D8               	bcf	status,0,c
   116  007FEE  368C               	rlcf	140,f,c
   117  007FF0                     
   118                           ;main.c: 22:         _delay((unsigned long)((1)*(1000000/4000.0)));
   119  007FF0  0E53               	movlw	83
   120  007FF2                     u17:
   121  007FF2  2EE8               	decfsz	wreg,f,c
   122  007FF4  D7FE               	bra	u17
   123  007FF6  F000               	nop	
   124  007FF8  EFF6  F03F         	goto	l697
   125  007FFC  EF00  F000         	goto	start
   126  008000                     __end_of_main:
   127                           	callstack 0
   128                           
   129 ;; *************** function _Setup *****************
   130 ;; Defined at:
   131 ;;		line 12 in file "main.c"
   132 ;; Parameters:    Size  Location     Type
   133 ;;		None
   134 ;; Auto vars:     Size  Location     Type
   135 ;;		None
   136 ;; Return value:  Size  Location     Type
   137 ;;                  1    wreg      void 
   138 ;; Registers used:
   139 ;;		wreg, status,2
   140 ;; Tracked objects:
   141 ;;		On entry : 0/0
   142 ;;		On exit  : 0/0
   143 ;;		Unchanged: 0/0
   144 ;; Data sizes:     COMRAM   BANK0   BANK1   BANK2   BANK3   BANK4   BANK5
   145 ;;      Params:         0       0       0       0       0       0       0
   146 ;;      Locals:         0       0       0       0       0       0       0
   147 ;;      Temps:          0       0       0       0       0       0       0
   148 ;;      Totals:         0       0       0       0       0       0       0
   149 ;;Total ram usage:        0 bytes
   150 ;; Hardware stack levels used:    1
   151 ;; This function calls:
   152 ;;		Nothing
   153 ;; This function is called by:
   154 ;;		_main
   155 ;; This function uses a non-reentrant model
   156 ;;
   157                           
   158                           	psect	text1
   159  007FDE                     __ptext1:
   160                           	callstack 0
   161  007FDE                     _Setup:
   162                           	callstack 30
   163  007FDE                     
   164                           ;main.c: 13:     TRISD = 0x00;
   165  007FDE  0E00               	movlw	0
   166  007FE0  6E95               	movwf	149,c	;volatile
   167                           
   168                           ;main.c: 14:     LATD = 0x01;
   169  007FE2  0E01               	movlw	1
   170  007FE4  6E8C               	movwf	140,c	;volatile
   171  007FE6  0012               	return		;funcret
   172  007FE8                     __end_of_Setup:
   173                           	callstack 0
   174  0000                     
   175                           	psect	rparam
   176  0000                     
   177                           	psect	idloc
   178                           
   179                           ;Config register IDLOC0 @ 0x200000
   180                           ;	unspecified, using default values
   181  200000                     	org	2097152
   182  200000  FF                 	db	255
   183                           
   184                           ;Config register IDLOC1 @ 0x200001
   185                           ;	unspecified, using default values
   186  200001                     	org	2097153
   187  200001  FF                 	db	255
   188                           
   189                           ;Config register IDLOC2 @ 0x200002
   190                           ;	unspecified, using default values
   191  200002                     	org	2097154
   192  200002  FF                 	db	255
   193                           
   194                           ;Config register IDLOC3 @ 0x200003
   195                           ;	unspecified, using default values
   196  200003                     	org	2097155
   197  200003  FF                 	db	255
   198                           
   199                           ;Config register IDLOC4 @ 0x200004
   200                           ;	unspecified, using default values
   201  200004                     	org	2097156
   202  200004  FF                 	db	255
   203                           
   204                           ;Config register IDLOC5 @ 0x200005
   205                           ;	unspecified, using default values
   206  200005                     	org	2097157
   207  200005  FF                 	db	255
   208                           
   209                           ;Config register IDLOC6 @ 0x200006
   210                           ;	unspecified, using default values
   211  200006                     	org	2097158
   212  200006  FF                 	db	255
   213                           
   214                           ;Config register IDLOC7 @ 0x200007
   215                           ;	unspecified, using default values
   216  200007                     	org	2097159
   217  200007  FF                 	db	255
   218                           
   219                           	psect	config
   220                           
   221                           ; Padding undefined space
   222  300000                     	org	3145728
   223  300000  FF                 	db	255
   224                           
   225                           ;Config register CONFIG1H @ 0x300001
   226                           ;	Oscillator Selection bits
   227                           ;	FOSC = INTIO67, Internal oscillator block, port function on RA6 and RA7
   228                           ;	Fail-Safe Clock Monitor Enable bit
   229                           ;	FCMEN = 0x0, unprogrammed default
   230                           ;	Internal/External Oscillator Switchover bit
   231                           ;	IESO = 0x0, unprogrammed default
   232  300001                     	org	3145729
   233  300001  08                 	db	8
   234                           
   235                           ;Config register CONFIG2L @ 0x300002
   236                           ;	unspecified, using default values
   237                           ;	Power-up Timer Enable bit
   238                           ;	PWRT = 0x1, unprogrammed default
   239                           ;	Brown-out Reset Enable bits
   240                           ;	BOREN = 0x3, unprogrammed default
   241                           ;	Brown Out Reset Voltage bits
   242                           ;	BORV = 0x3, unprogrammed default
   243  300002                     	org	3145730
   244  300002  1F                 	db	31
   245                           
   246                           ;Config register CONFIG2H @ 0x300003
   247                           ;	Watchdog Timer Enable bit
   248                           ;	WDTEN = OFF, WDT is controlled by SWDTEN bit of the WDTCON register
   249                           ;	Watchdog Timer Postscale Select bits
   250                           ;	WDTPS = 0xF, unprogrammed default
   251  300003                     	org	3145731
   252  300003  1E                 	db	30
   253                           
   254                           ; Padding undefined space
   255  300004                     	org	3145732
   256  300004  FF                 	db	255
   257                           
   258                           ;Config register CONFIG3H @ 0x300005
   259                           ;	CCP2 MUX bit
   260                           ;	CCP2MX = 0x1, unprogrammed default
   261                           ;	PORTB A/D Enable bit
   262                           ;	PBADEN = OFF, PORTB<4:0> pins are configured as digital I/O on Reset
   263                           ;	Low-Power Timer1 Oscillator Enable bit
   264                           ;	LPT1OSC = 0x0, unprogrammed default
   265                           ;	HFINTOSC Fast Start-up
   266                           ;	HFOFST = 0x1, unprogrammed default
   267                           ;	MCLR Pin Enable bit
   268                           ;	MCLRE = 0x1, unprogrammed default
   269  300005                     	org	3145733
   270  300005  89                 	db	137
   271                           
   272                           ;Config register CONFIG4L @ 0x300006
   273                           ;	Stack Full/Underflow Reset Enable bit
   274                           ;	STVREN = 0x1, unprogrammed default
   275                           ;	Single-Supply ICSP Enable bit
   276                           ;	LVP = OFF, Single-Supply ICSP disabled
   277                           ;	Extended Instruction Set Enable bit
   278                           ;	XINST = 0x0, unprogrammed default
   279                           ;	Background Debugger Enable bit
   280                           ;	DEBUG = 0x1, unprogrammed default
   281  300006                     	org	3145734
   282  300006  81                 	db	129
   283                           
   284                           ; Padding undefined space
   285  300007                     	org	3145735
   286  300007  FF                 	db	255
   287                           
   288                           ;Config register CONFIG5L @ 0x300008
   289                           ;	unspecified, using default values
   290                           ;	Code Protection Block 0
   291                           ;	CP0 = 0x1, unprogrammed default
   292                           ;	Code Protection Block 1
   293                           ;	CP1 = 0x1, unprogrammed default
   294                           ;	Code Protection Block 2
   295                           ;	CP2 = 0x1, unprogrammed default
   296                           ;	Code Protection Block 3
   297                           ;	CP3 = 0x1, unprogrammed default
   298  300008                     	org	3145736
   299  300008  0F                 	db	15
   300                           
   301                           ;Config register CONFIG5H @ 0x300009
   302                           ;	unspecified, using default values
   303                           ;	Boot Block Code Protection bit
   304                           ;	CPB = 0x1, unprogrammed default
   305                           ;	Data EEPROM Code Protection bit
   306                           ;	CPD = 0x1, unprogrammed default
   307  300009                     	org	3145737
   308  300009  C0                 	db	192
   309                           
   310                           ;Config register CONFIG6L @ 0x30000A
   311                           ;	unspecified, using default values
   312                           ;	Write Protection Block 0
   313                           ;	WRT0 = 0x1, unprogrammed default
   314                           ;	Write Protection Block 1
   315                           ;	WRT1 = 0x1, unprogrammed default
   316                           ;	Write Protection Block 2
   317                           ;	WRT2 = 0x1, unprogrammed default
   318                           ;	Write Protection Block 3
   319                           ;	WRT3 = 0x1, unprogrammed default
   320  30000A                     	org	3145738
   321  30000A  0F                 	db	15
   322                           
   323                           ;Config register CONFIG6H @ 0x30000B
   324                           ;	unspecified, using default values
   325                           ;	Configuration Register Write Protection bit
   326                           ;	WRTC = 0x1, unprogrammed default
   327                           ;	Boot Block Write Protection bit
   328                           ;	WRTB = 0x1, unprogrammed default
   329                           ;	Data EEPROM Write Protection bit
   330                           ;	WRTD = 0x1, unprogrammed default
   331  30000B                     	org	3145739
   332  30000B  E0                 	db	224
   333                           
   334                           ;Config register CONFIG7L @ 0x30000C
   335                           ;	unspecified, using default values
   336                           ;	Table Read Protection Block 0
   337                           ;	EBTR0 = 0x1, unprogrammed default
   338                           ;	Table Read Protection Block 1
   339                           ;	EBTR1 = 0x1, unprogrammed default
   340                           ;	Table Read Protection Block 2
   341                           ;	EBTR2 = 0x1, unprogrammed default
   342                           ;	Table Read Protection Block 3
   343                           ;	EBTR3 = 0x1, unprogrammed default
   344  30000C                     	org	3145740
   345  30000C  0F                 	db	15
   346                           
   347                           ;Config register CONFIG7H @ 0x30000D
   348                           ;	unspecified, using default values
   349                           ;	Boot Block Table Read Protection bit
   350                           ;	EBTRB = 0x1, unprogrammed default
   351  30000D                     	org	3145741
   352  30000D  40                 	db	64
   353                           tosu	equ	0xFFF
   354                           tosh	equ	0xFFE
   355                           tosl	equ	0xFFD
   356                           stkptr	equ	0xFFC
   357                           pclatu	equ	0xFFB
   358                           pclath	equ	0xFFA
   359                           pcl	equ	0xFF9
   360                           tblptru	equ	0xFF8
   361                           tblptrh	equ	0xFF7
   362                           tblptrl	equ	0xFF6
   363                           tablat	equ	0xFF5
   364                           prodh	equ	0xFF4
   365                           prodl	equ	0xFF3
   366                           indf0	equ	0xFEF
   367                           postinc0	equ	0xFEE
   368                           postdec0	equ	0xFED
   369                           preinc0	equ	0xFEC
   370                           plusw0	equ	0xFEB
   371                           fsr0h	equ	0xFEA
   372                           fsr0l	equ	0xFE9
   373                           wreg	equ	0xFE8
   374                           indf1	equ	0xFE7
   375                           postinc1	equ	0xFE6
   376                           postdec1	equ	0xFE5
   377                           preinc1	equ	0xFE4
   378                           plusw1	equ	0xFE3
   379                           fsr1h	equ	0xFE2
   380                           fsr1l	equ	0xFE1
   381                           bsr	equ	0xFE0
   382                           indf2	equ	0xFDF
   383                           postinc2	equ	0xFDE
   384                           postdec2	equ	0xFDD
   385                           preinc2	equ	0xFDC
   386                           plusw2	equ	0xFDB
   387                           fsr2h	equ	0xFDA
   388                           fsr2l	equ	0xFD9
   389                           status	equ	0xFD8

Data Sizes:
    Strings     0
    Constant    0
    Data        0
    BSS         0
    Persistent  0
    Stack       0

Auto Spaces:
    Space          Size  Autos    Used
    COMRAM           95      0       0
    BANK0           160      0       0
    BANK1           256      0       0
    BANK2           256      0       0
    BANK3           256      0       0
    BANK4           256      0       0
    BANK5           256      0       0

Pointer List with Targets:

    None.

Critical Paths under _main in COMRAM

    None.

Critical Paths under _main in BANK0

    None.

Critical Paths under _main in BANK1

    None.

Critical Paths under _main in BANK2

    None.

Critical Paths under _main in BANK3

    None.

Critical Paths under _main in BANK4

    None.

Critical Paths under _main in BANK5

    None.

Call Graph Tables:

 ---------------------------------------------------------------------------------
 (Depth) Function   	        Calls       Base Space   Used Autos Params    Refs
 ---------------------------------------------------------------------------------
 (0) _main                                                 0     0      0       0
                              _Setup
 ---------------------------------------------------------------------------------
 (1) _Setup                                                0     0      0       0
 ---------------------------------------------------------------------------------
 Estimated maximum stack depth 1
 ---------------------------------------------------------------------------------

 Call Graph Graphs:

 _main (ROOT)
   _Setup

 Address spaces:
Name               Size   Autos  Total    Cost      Usage
BITCOMRAM           5F      0       0       0        0.0%
EEDATA             100      0       0       0        0.0%
NULL                 0      0       0       0        0.0%
CODE                 0      0       0       0        0.0%
COMRAM              5F      0       0       1        0.0%
STACK                0      0       0       2        0.0%
DATA                 0      0       0       3        0.0%
BITBANK0            A0      0       0       4        0.0%
BANK0               A0      0       0       5        0.0%
BITBANK1           100      0       0       6        0.0%
BANK1              100      0       0       7        0.0%
BITBANK2           100      0       0       8        0.0%
BANK2              100      0       0       9        0.0%
BITBANK3           100      0       0      10        0.0%
BANK3              100      0       0      11        0.0%
BITBANK4           100      0       0      12        0.0%
BANK4              100      0       0      13        0.0%
BANK5              100      0       0      14        0.0%
ABS                  0      0       0      15        0.0%
BITBANK5           100      0       0      16        0.0%
BIGRAM             5FF      0       0      17        0.0%
BITSFR               0      0       0     200        0.0%
SFR                  0      0       0     200        0.0%


Microchip Technology PIC18 Macro Assembler V2.31 build 20201012212115 
Symbol Table                                                                                   Wed Feb 17 20:07:15 2021

                      l9 7FE6                       u17 7FF2                      l693 7FDE  
                    l695 7FE8                      l697 7FEC                      l699 7FF0  
                    wreg 000FE8                     _LATD 000F8C                     _main 7FE8  
                   start 0000             ___param_bank 000000                    ?_main 0000  
                  _TRISD 000F95                    _Setup 7FDE                    status 000FD8  
        __initialization 7FD8             __end_of_main 8000                   ??_main 0000  
          __activetblptr 000000                   ?_Setup 0000               __accesstop 0060  
__end_of__initialization 7FD8            ___rparam_used 000001           __pcstackCOMRAM 0000  
          __end_of_Setup 7FE8                  ??_Setup 0000                  __Hparam 0000  
                __Lparam 0000                  __pcinit 7FD8                  __ramtop 0600  
                __ptext0 7FE8                  __ptext1 7FDE     end_of_initialization 7FD8  
    start_initialization 7FD8           __size_of_Setup 000A                 __Hrparam 0000  
               __Lrparam 0000            __size_of_main 0018  
